Using pre-set license
Built from '2021.3/staging' branch; Version is '2021.3.24f1 (cf10dcf7010d) revision 13570268'; Using compiler version '192829333'; Build Type 'Release'
OS: 'Windows 11  (10.0.22621) 64bit Core' Language: 'en' Physical Memory: 16108 MB
BatchMode: 1, IsHumanControllingUs: 0, StartBugReporterOnCrash: 0, Is64bit: 1, IsPro: 1

COMMAND LINE ARGUMENTS:
C:\Program Files\Unity\Hub\Editor\2021.3.24f1\Editor\Unity.exe
-adb2
-batchMode
-noUpm
-name
AssetImportWorker0
-projectPath
C:/Users/krist/OneDrive/Desktop/TheUltimateChess/UltimateChess/UltimateChessGame
-logFile
Logs/AssetImportWorker0.log
-srvPort
60679
Successfully changed project path to: C:/Users/krist/OneDrive/Desktop/TheUltimateChess/UltimateChess/UltimateChessGame
C:/Users/krist/OneDrive/Desktop/TheUltimateChess/UltimateChess/UltimateChessGame
[UnityMemory] Configuration Parameters - Can be set up in boot.config
    "memorysetup-bucket-allocator-granularity=16"
    "memorysetup-bucket-allocator-bucket-count=8"
    "memorysetup-bucket-allocator-block-size=33554432"
    "memorysetup-bucket-allocator-block-count=8"
    "memorysetup-main-allocator-block-size=16777216"
    "memorysetup-thread-allocator-block-size=16777216"
    "memorysetup-gfx-main-allocator-block-size=16777216"
    "memorysetup-gfx-thread-allocator-block-size=16777216"
    "memorysetup-cache-allocator-block-size=4194304"
    "memorysetup-typetree-allocator-block-size=2097152"
    "memorysetup-profiler-bucket-allocator-granularity=16"
    "memorysetup-profiler-bucket-allocator-bucket-count=8"
    "memorysetup-profiler-bucket-allocator-block-size=33554432"
    "memorysetup-profiler-bucket-allocator-block-count=8"
    "memorysetup-profiler-allocator-block-size=16777216"
    "memorysetup-profiler-editor-allocator-block-size=1048576"
    "memorysetup-temp-allocator-size-main=16777216"
    "memorysetup-job-temp-allocator-block-size=2097152"
    "memorysetup-job-temp-allocator-block-size-background=1048576"
    "memorysetup-job-temp-allocator-reduction-small-platforms=262144"
    "memorysetup-temp-allocator-size-background-worker=32768"
    "memorysetup-temp-allocator-size-job-worker=262144"
    "memorysetup-temp-allocator-size-preload-manager=33554432"
    "memorysetup-temp-allocator-size-nav-mesh-worker=65536"
    "memorysetup-temp-allocator-size-audio-worker=65536"
    "memorysetup-temp-allocator-size-cloud-worker=32768"
    "memorysetup-temp-allocator-size-gi-baking-worker=262144"
    "memorysetup-temp-allocator-size-gfx=262144"
Player connection [25124] Host "[IP] 192.168.1.170 [Port] 0 [Flags] 2 [Guid] 1543449375 [EditorId] 1543449375 [Version] 1048832 [Id] WindowsEditor(7,Kristian) [Debug] 1 [PackageName] WindowsEditor [ProjectName] Editor" joined multi-casting on [225.0.0.222:54997]...

Player connection [25124] Host "[IP] 192.168.1.170 [Port] 0 [Flags] 2 [Guid] 1543449375 [EditorId] 1543449375 [Version] 1048832 [Id] WindowsEditor(7,Kristian) [Debug] 1 [PackageName] WindowsEditor [ProjectName] Editor" joined alternative multi-casting on [225.0.0.222:34997]...

Refreshing native plugins compatible for Editor in 56.82 ms, found 4 plugins.
Preloading 0 native plugins for Editor in 0.00 ms.
Initialize engine version: 2021.3.24f1 (cf10dcf7010d)
[Subsystems] Discovering subsystems at path C:/Program Files/Unity/Hub/Editor/2021.3.24f1/Editor/Data/Resources/UnitySubsystems
[Subsystems] Discovering subsystems at path C:/Users/krist/OneDrive/Desktop/TheUltimateChess/UltimateChess/UltimateChessGame/Assets
GfxDevice: creating device client; threaded=0; jobified=0
Direct3D:
    Version:  Direct3D 11.0 [level 11.1]
    Renderer: NVIDIA GeForce RTX 3060 Laptop GPU (ID=0x2560)
    Vendor:   NVIDIA
    VRAM:     6009 MB
    Driver:   31.0.15.2799
Initialize mono
Mono path[0] = 'C:/Program Files/Unity/Hub/Editor/2021.3.24f1/Editor/Data/Managed'
Mono path[1] = 'C:/Program Files/Unity/Hub/Editor/2021.3.24f1/Editor/Data/MonoBleedingEdge/lib/mono/unityjit-win32'
Mono config path = 'C:/Program Files/Unity/Hub/Editor/2021.3.24f1/Editor/Data/MonoBleedingEdge/etc'
Using monoOptions --debugger-agent=transport=dt_socket,embedding=1,server=y,suspend=n,address=127.0.0.1:56824
Begin MonoManager ReloadAssembly
Registering precompiled unity dll's ...
Register platform support module: C:/Program Files/Unity/Hub/Editor/2021.3.24f1/Editor/Data/PlaybackEngines/WebGLSupport/UnityEditor.WebGL.Extensions.dll
Register platform support module: C:/Program Files/Unity/Hub/Editor/2021.3.24f1/Editor/Data/PlaybackEngines/AndroidPlayer/UnityEditor.Android.Extensions.dll
Register platform support module: C:/Program Files/Unity/Hub/Editor/2021.3.24f1/Editor/Data/PlaybackEngines/WindowsStandaloneSupport/UnityEditor.WindowsStandalone.Extensions.dll
Registered in 0.005251 seconds.
Native extension for WindowsStandalone target not found
Native extension for Android target not found
Android Extension - Scanning For ADB Devices 795 ms
Native extension for WebGL target not found
Refreshing native plugins compatible for Editor in 55.82 ms, found 4 plugins.
Preloading 0 native plugins for Editor in 0.00 ms.
Mono: successfully reloaded assembly
- Completed reload, in  1.237 seconds
Domain Reload Profiling:
	ReloadAssembly (1238ms)
		BeginReloadAssembly (59ms)
			ExecutionOrderSort (0ms)
			DisableScriptedObjects (0ms)
			BackupInstance (0ms)
			ReleaseScriptingObjects (0ms)
			CreateAndSetChildDomain (0ms)
		EndReloadAssembly (1111ms)
			LoadAssemblies (58ms)
			RebuildTransferFunctionScriptingTraits (0ms)
			SetupTypeCache (68ms)
			ReleaseScriptCaches (0ms)
			RebuildScriptCaches (17ms)
			SetupLoadedEditorAssemblies (992ms)
				LogAssemblyErrors (0ms)
				InitializePlatformSupportModulesInManaged (849ms)
				SetLoadedEditorAssemblies (0ms)
				RefreshPlugins (56ms)
				BeforeProcessingInitializeOnLoad (1ms)
				ProcessInitializeOnLoadAttributes (57ms)
				ProcessInitializeOnLoadMethodAttributes (29ms)
				AfterProcessingInitializeOnLoad (0ms)
				EditorAssembliesLoaded (0ms)
			ExecutionOrderSort2 (0ms)
			AwakeInstancesAfterBackupRestoration (0ms)
Platform modules already initialized, skipping
Registering precompiled user dll's ...
Registered in 0.006528 seconds.
Begin MonoManager ReloadAssembly
Symbol file LoadedFromMemory doesn't match image C:\Users\krist\OneDrive\Desktop\TheUltimateChess\UltimateChess\UltimateChessGame\Library\PackageCache\com.unity.visualscripting@1.8.0\Editor\VisualScripting.Core\Dependencies\YamlDotNet\Unity.VisualScripting.YamlDotNet.dll
Symbol file LoadedFromMemory doesn't match image C:\Users\krist\OneDrive\Desktop\TheUltimateChess\UltimateChess\UltimateChessGame\Library\PackageCache\com.unity.visualscripting@1.8.0\Editor\VisualScripting.Core\Dependencies\DotNetZip\Unity.VisualScripting.IonicZip.dll
Native extension for WindowsStandalone target not found
Native extension for Android target not found
Native extension for WebGL target not found
Refreshing native plugins compatible for Editor in 55.15 ms, found 4 plugins.
Preloading 0 native plugins for Editor in 0.00 ms.
Mono: successfully reloaded assembly
- Completed reload, in  0.761 seconds
Domain Reload Profiling:
	ReloadAssembly (761ms)
		BeginReloadAssembly (82ms)
			ExecutionOrderSort (0ms)
			DisableScriptedObjects (4ms)
			BackupInstance (0ms)
			ReleaseScriptingObjects (0ms)
			CreateAndSetChildDomain (14ms)
		EndReloadAssembly (600ms)
			LoadAssemblies (66ms)
			RebuildTransferFunctionScriptingTraits (0ms)
			SetupTypeCache (163ms)
			ReleaseScriptCaches (0ms)
			RebuildScriptCaches (35ms)
			SetupLoadedEditorAssemblies (293ms)
				LogAssemblyErrors (0ms)
				InitializePlatformSupportModulesInManaged (13ms)
				SetLoadedEditorAssemblies (0ms)
				RefreshPlugins (55ms)
				BeforeProcessingInitializeOnLoad (59ms)
				ProcessInitializeOnLoadAttributes (132ms)
				ProcessInitializeOnLoadMethodAttributes (26ms)
				AfterProcessingInitializeOnLoad (7ms)
				EditorAssembliesLoaded (0ms)
			ExecutionOrderSort2 (0ms)
			AwakeInstancesAfterBackupRestoration (7ms)
Platform modules already initialized, skipping
========================================================================
Worker process is ready to serve import requests
Launched and connected shader compiler UnityShaderCompiler.exe after 1.70 seconds
Refreshing native plugins compatible for Editor in 0.62 ms, found 4 plugins.
Preloading 0 native plugins for Editor in 0.00 ms.
Unloading 3734 Unused Serialized files (Serialized files now loaded: 0)
Unloading 41 unused Assets / (229.0 KB). Loaded Objects now: 4189.
Memory consumption went from 143.9 MB to 143.7 MB.
Total: 2.551200 ms (FindLiveObjects: 0.206300 ms CreateObjectMapping: 0.085100 ms MarkObjects: 2.137500 ms  DeleteObjects: 0.121300 ms)

AssetImportParameters requested are different than current active one (requested -> active):
  custom:video-decoder-ogg-theora: a1e56fd34408186e4bbccfd4996cb3dc -> 
  custom:container-muxer-webm: aa71ff27fc2769a1b78a27578f13a17b -> 
  custom:container-demuxer-webm: 4f35f7cbe854078d1ac9338744f61a02 -> 
  custom:video-encoder-webm-vp8: eb34c28f22e8b96e1ab97ce403110664 -> 
  custom:video-codec-MediaFoundation-h265: 746d11721c4dcdbdad8f713fa42b33f4 -> 
  custom:audio-encoder-webm-vorbis: bf7c407c2cedff20999df2af8eb42d56 -> 
  custom:framework-win-MediaFoundation: 216162199b28c13a410421893ffa2e32 -> 
  custom:container-demuxer-ogg: 62fdf1f143b41e24485cea50d1cbac27 -> 
  custom:video-decoder-webm-vp8: 9c59270c3fd7afecdb556c50c9e8de78 -> 
  custom:audio-decoder-ogg-vorbis: bf7c407c2cedff20999df2af8eb42d56 -> 
========================================================================
Received Import Request.
  Time since last request: 296812.576075 seconds.
  path: Assets/Scenes
  artifactKey: Guid(131a6b21c8605f84396be9f6751fb6e3) Importer(815301076,1909f56bfc062723c751e8b465ee728b)
Start importing Assets/Scenes using Guid(131a6b21c8605f84396be9f6751fb6e3) Importer(815301076,1909f56bfc062723c751e8b465ee728b)  -> (artifact id: '2c23e514d24f6b65fe96946cd87fc526') in 0.006497 seconds 
========================================================================
Received Import Request.
  Time since last request: 12.797607 seconds.
  path: Assets/Scenes/SampleScene.unity
  artifactKey: Guid(2cda990e2423bbf4892e6590ba056729) Importer(815301076,1909f56bfc062723c751e8b465ee728b)
Start importing Assets/Scenes/SampleScene.unity using Guid(2cda990e2423bbf4892e6590ba056729) Importer(815301076,1909f56bfc062723c751e8b465ee728b)  -> (artifact id: 'e24c38ded777c6eac716cf6ee885caa1') in 0.002330 seconds 
========================================================================
Received Import Request.
  Time since last request: 12.788898 seconds.
  path: Assets/Scenes/ChessGameScene.unity
  artifactKey: Guid(2cda990e2423bbf4892e6590ba056729) Importer(815301076,1909f56bfc062723c751e8b465ee728b)
Start importing Assets/Scenes/ChessGameScene.unity using Guid(2cda990e2423bbf4892e6590ba056729) Importer(815301076,1909f56bfc062723c751e8b465ee728b)  -> (artifact id: '30d4c549ca4bdd67a4622d371284c217') in 0.001888 seconds 
========================================================================
Received Import Request.
  Time since last request: 13.709230 seconds.
  path: Assets
  artifactKey: Guid(00000000000000001000000000000000) Importer(815301076,1909f56bfc062723c751e8b465ee728b)
Start importing Assets using Guid(00000000000000001000000000000000) Importer(815301076,1909f56bfc062723c751e8b465ee728b)  -> (artifact id: '79842766b460edbeab6a34051e857a80') in 0.003515 seconds 
========================================================================
Received Import Request.
  Time since last request: 82.976162 seconds.
  path: Assets/ChessBoard.jpeg
  artifactKey: Guid(98cc3baa0ef51114d86b3a0aab1c48ce) Importer(815301076,1909f56bfc062723c751e8b465ee728b)
Start importing Assets/ChessBoard.jpeg using Guid(98cc3baa0ef51114d86b3a0aab1c48ce) Importer(815301076,1909f56bfc062723c751e8b465ee728b)  -> (artifact id: 'd94b9cb2d9397873455e931b7883d548') in 0.102299 seconds 
========================================================================
Received Import Request.
  Time since last request: 188.769041 seconds.
  path: Assets/BlackRook.png
  artifactKey: Guid(a87d28327c2ccdc44834f52d7c9f9c9f) Importer(815301076,1909f56bfc062723c751e8b465ee728b)
Start importing Assets/BlackRook.png using Guid(a87d28327c2ccdc44834f52d7c9f9c9f) Importer(815301076,1909f56bfc062723c751e8b465ee728b)  -> (artifact id: '6796cafaaa8312978c56e7e41270d8b4') in 0.017028 seconds 
========================================================================
Received Import Request.
  Time since last request: 15.366881 seconds.
  path: Assets/WhiteRook.png
  artifactKey: Guid(85e6a56c4189ed64da9b1698c4731c0e) Importer(815301076,1909f56bfc062723c751e8b465ee728b)
Start importing Assets/WhiteRook.png using Guid(85e6a56c4189ed64da9b1698c4731c0e) Importer(815301076,1909f56bfc062723c751e8b465ee728b)  -> (artifact id: '262f562ec3302d5ce72cb234cf2a11e9') in 0.010704 seconds 
========================================================================
Received Import Request.
  Time since last request: 209.604618 seconds.
  path: Assets/BlackRook.png
  artifactKey: Guid(a87d28327c2ccdc44834f52d7c9f9c9f) Importer(815301076,1909f56bfc062723c751e8b465ee728b)
Start importing Assets/BlackRook.png using Guid(a87d28327c2ccdc44834f52d7c9f9c9f) Importer(815301076,1909f56bfc062723c751e8b465ee728b)  -> (artifact id: 'edb2cd58c81742bc31408281cfff11ce') in 0.016929 seconds 
========================================================================
Received Import Request.
  Time since last request: 253.549986 seconds.
  path: Assets/chessBoardGray.png
  artifactKey: Guid(edcd70ac0f959b64f9eebea94811d38a) Importer(815301076,1909f56bfc062723c751e8b465ee728b)
Start importing Assets/chessBoardGray.png using Guid(edcd70ac0f959b64f9eebea94811d38a) Importer(815301076,1909f56bfc062723c751e8b465ee728b)  -> (artifact id: 'b2a6eb2d707a8691cea4ad3b580da46a') in 0.043499 seconds 
========================================================================
Received Import Request.
  Time since last request: 828.598695 seconds.
  path: Assets/Assets
  artifactKey: Guid(1b6d5ab2690ff844d9a312c216e461fe) Importer(815301076,1909f56bfc062723c751e8b465ee728b)
Start importing Assets/Assets using Guid(1b6d5ab2690ff844d9a312c216e461fe) Importer(815301076,1909f56bfc062723c751e8b465ee728b)  -> (artifact id: '3107834a4640682b18047be8aff08d31') in 0.002230 seconds 
========================================================================
Received Import Request.
  Time since last request: 8.354412 seconds.
  path: Assets/Assets/Sprites
  artifactKey: Guid(dc0301f7c56e2e1428a905fa3a5df6c4) Importer(815301076,1909f56bfc062723c751e8b465ee728b)
Start importing Assets/Assets/Sprites using Guid(dc0301f7c56e2e1428a905fa3a5df6c4) Importer(815301076,1909f56bfc062723c751e8b465ee728b)  -> (artifact id: 'f3a53d3b2d05e250b5e481c14c081787') in 0.001945 seconds 
========================================================================
Received Import Request.
  Time since last request: 30.673187 seconds.
  path: Assets/Assets/Sprites/BlackBishop.png
  artifactKey: Guid(af4a885d9e5814a409e66b88e6ca8433) Importer(815301076,1909f56bfc062723c751e8b465ee728b)
Start importing Assets/Assets/Sprites/BlackBishop.png using Guid(af4a885d9e5814a409e66b88e6ca8433) Importer(815301076,1909f56bfc062723c751e8b465ee728b)  -> (artifact id: 'ca86f72f9623fbbe53a8e21dd2628d4d') in 0.017628 seconds 
========================================================================
Received Import Request.
  Time since last request: 0.003353 seconds.
  path: Assets/Assets/Sprites/BlackPawn.png
  artifactKey: Guid(ee0e1e6cae6a39d4ebedea1b07853206) Importer(815301076,1909f56bfc062723c751e8b465ee728b)
Start importing Assets/Assets/Sprites/BlackPawn.png using Guid(ee0e1e6cae6a39d4ebedea1b07853206) Importer(815301076,1909f56bfc062723c751e8b465ee728b)  -> (artifact id: '464b6b9691dba81add2157e347234676') in 0.021272 seconds 
========================================================================
Received Import Request.
  Time since last request: 0.000023 seconds.
  path: Assets/Assets/Sprites/BlackRook.png
  artifactKey: Guid(763c068bf5fdd9f4f8c100b5acff101a) Importer(815301076,1909f56bfc062723c751e8b465ee728b)
Start importing Assets/Assets/Sprites/BlackRook.png using Guid(763c068bf5fdd9f4f8c100b5acff101a) Importer(815301076,1909f56bfc062723c751e8b465ee728b)  -> (artifact id: '51ddc7db6e73869e8b49dd8da7cf37b6') in 0.016032 seconds 
========================================================================
Received Import Request.
  Time since last request: 0.000019 seconds.
  path: Assets/Assets/Sprites/BlackKnight.png
  artifactKey: Guid(6d14858df3252684a8c92e0f285b75e2) Importer(815301076,1909f56bfc062723c751e8b465ee728b)
Start importing Assets/Assets/Sprites/BlackKnight.png using Guid(6d14858df3252684a8c92e0f285b75e2) Importer(815301076,1909f56bfc062723c751e8b465ee728b)  -> (artifact id: 'd1d75b00a285dad5f970756d9b49275d') in 0.018010 seconds 
========================================================================
Received Import Request.
  Time since last request: 0.000024 seconds.
  path: Assets/Assets/Sprites/WhitePawn.png
  artifactKey: Guid(ec5ebb31bf181ca4b89b96892be7b91f) Importer(815301076,1909f56bfc062723c751e8b465ee728b)
Start importing Assets/Assets/Sprites/WhitePawn.png using Guid(ec5ebb31bf181ca4b89b96892be7b91f) Importer(815301076,1909f56bfc062723c751e8b465ee728b)  -> (artifact id: '21220428252edaff1ba20c82af91e9ea') in 0.013770 seconds 
========================================================================
Received Import Request.
  Time since last request: 0.000017 seconds.
  path: Assets/Assets/Sprites/chessBoardGray.png
  artifactKey: Guid(fac1bfcc694015c4fb4e499a9ce65b9f) Importer(815301076,1909f56bfc062723c751e8b465ee728b)
Start importing Assets/Assets/Sprites/chessBoardGray.png using Guid(fac1bfcc694015c4fb4e499a9ce65b9f) Importer(815301076,1909f56bfc062723c751e8b465ee728b)  -> (artifact id: 'e51eab9c3970647a2b15e845bd7cb3f4') in 0.045269 seconds 
========================================================================
Received Import Request.
  Time since last request: 0.000022 seconds.
  path: Assets/Assets/Sprites/WhiteBishop.png
  artifactKey: Guid(86593b61c9e665a428d8fd8e77e27fec) Importer(815301076,1909f56bfc062723c751e8b465ee728b)
Start importing Assets/Assets/Sprites/WhiteBishop.png using Guid(86593b61c9e665a428d8fd8e77e27fec) Importer(815301076,1909f56bfc062723c751e8b465ee728b)  -> (artifact id: 'e516660cba10c224fd36f56557713650') in 0.016005 seconds 
========================================================================
Received Import Request.
  Time since last request: 0.000039 seconds.
  path: Assets/Assets/Sprites/BlackQueen.png
  artifactKey: Guid(621105c95064caa48bdcae0afcc7165b) Importer(815301076,1909f56bfc062723c751e8b465ee728b)
Start importing Assets/Assets/Sprites/BlackQueen.png using Guid(621105c95064caa48bdcae0afcc7165b) Importer(815301076,1909f56bfc062723c751e8b465ee728b)  -> (artifact id: '95f187225b334204b927eaacccd8bcdb') in 0.016998 seconds 
Editor requested this worker to shutdown with reason: Scaling down because of idle timeout
AssetImportWorker is now disconnected from the server
Process exiting
Exiting without the bug reporter. Application will terminate with return code 0